CRITICAL - 2020-07-13 13:29:36 --> Too few arguments to function App\Controllers\Padrao\PadraoController::carregarView(), 0 passed in C:\Users\emioto\Downloads\Sistema\app\Controllers\Autenticacao\LoginController.php on line 14 and exactly 1 expected
#0 C:\Users\emioto\Downloads\Sistema\app\Controllers\Autenticacao\LoginController.php(14): App\Controllers\Padrao\PadraoController->carregarView()
#1 C:\Users\emioto\Downloads\Sistema\system\CodeIgniter.php(914): App\Controllers\Autenticacao\LoginController->Index()
#2 C:\Users\emioto\Downloads\Sistema\system\CodeIgniter.php(400): CodeIgniter\CodeIgniter->runController(Object(App\Controllers\Autenticacao\LoginController))
#3 C:\Users\emioto\Downloads\Sistema\system\CodeIgniter.php(308): CodeIgniter\CodeIgniter->handleRequest(NULL, Object(Config\Cache), false)
#4 C:\Users\emioto\Downloads\Sistema\public\index.php(45): CodeIgniter\CodeIgniter->run()
#5 C:\Users\emioto\Downloads\Sistema\system\Commands\Server\rewrite.php(34): require_once('C:\\Users\\emioto...')
#6 {main}
CRITICAL - 2020-07-13 13:30:16 --> Too few arguments to function App\Controllers\Padrao\PadraoController::carregarView(), 0 passed in C:\Users\emioto\Downloads\Sistema\app\Controllers\Autenticacao\LoginController.php on line 14 and exactly 1 expected
#0 C:\Users\emioto\Downloads\Sistema\app\Controllers\Autenticacao\LoginController.php(14): App\Controllers\Padrao\PadraoController->carregarView()
#1 C:\Users\emioto\Downloads\Sistema\system\CodeIgniter.php(914): App\Controllers\Autenticacao\LoginController->Index()
#2 C:\Users\emioto\Downloads\Sistema\system\CodeIgniter.php(400): CodeIgniter\CodeIgniter->runController(Object(App\Controllers\Autenticacao\LoginController))
#3 C:\Users\emioto\Downloads\Sistema\system\CodeIgniter.php(308): CodeIgniter\CodeIgniter->handleRequest(NULL, Object(Config\Cache), false)
#4 C:\Users\emioto\Downloads\Sistema\public\index.php(45): CodeIgniter\CodeIgniter->run()
#5 C:\Users\emioto\Downloads\Sistema\system\Commands\Server\rewrite.php(34): require_once('C:\\Users\\emioto...')
#6 {main}
CRITICAL - 2020-07-13 13:30:42 --> Class 'App\Controllers\Padrao\TipoDaViewEnum' not found
#0 C:\Users\emioto\Downloads\Sistema\app\Controllers\Autenticacao\LoginController.php(15): App\Controllers\Padrao\PadraoController->carregarView(5)
#1 C:\Users\emioto\Downloads\Sistema\system\CodeIgniter.php(914): App\Controllers\Autenticacao\LoginController->Index()
#2 C:\Users\emioto\Downloads\Sistema\system\CodeIgniter.php(400): CodeIgniter\CodeIgniter->runController(Object(App\Controllers\Autenticacao\LoginController))
#3 C:\Users\emioto\Downloads\Sistema\system\CodeIgniter.php(308): CodeIgniter\CodeIgniter->handleRequest(NULL, Object(Config\Cache), false)
#4 C:\Users\emioto\Downloads\Sistema\public\index.php(45): CodeIgniter\CodeIgniter->run()
#5 C:\Users\emioto\Downloads\Sistema\system\Commands\Server\rewrite.php(34): require_once('C:\\Users\\emioto...')
#6 {main}
CRITICAL - 2020-07-13 13:31:29 --> Argument 1 passed to view() must be of the type string, null given, called in C:\Users\emioto\Downloads\Sistema\app\Controllers\Padrao\PadraoController.php on line 57
#0 C:\Users\emioto\Downloads\Sistema\app\Controllers\Padrao\PadraoController.php(57): view(NULL)
#1 C:\Users\emioto\Downloads\Sistema\app\Controllers\Autenticacao\LoginController.php(15): App\Controllers\Padrao\PadraoController->carregarView(5)
#2 C:\Users\emioto\Downloads\Sistema\system\CodeIgniter.php(914): App\Controllers\Autenticacao\LoginController->Index()
#3 C:\Users\emioto\Downloads\Sistema\system\CodeIgniter.php(400): CodeIgniter\CodeIgniter->runController(Object(App\Controllers\Autenticacao\LoginController))
#4 C:\Users\emioto\Downloads\Sistema\system\CodeIgniter.php(308): CodeIgniter\CodeIgniter->handleRequest(NULL, Object(Config\Cache), false)
#5 C:\Users\emioto\Downloads\Sistema\public\index.php(45): CodeIgniter\CodeIgniter->run()
#6 C:\Users\emioto\Downloads\Sistema\system\Commands\Server\rewrite.php(34): require_once('C:\\Users\\emioto...')
#7 {main}
